[ 2016-06-10T17:19:04+08:00 ] ::1 /knowhow/Home/Ask/
INFO: [ app_init ] --START--
INFO: Run Behavior\BuildLiteBehavior [ RunTime:0.000017s ]
INFO: [ app_init ] --END-- [ RunTime:0.076101s ]
INFO: [ app_begin ] --START--
INFO: Run Behavior\ReadHtmlCacheBehavior [ RunTime:0.000820s ]
INFO: [ app_begin ] --END-- [ RunTime:0.000894s ]
ERR: 非法操作:index

[ 2016-06-10T17:19:44+08:00 ] ::1 /knowhow/Home/Ask/ask
INFO: [ app_init ] --START--
INFO: Run Behavior\BuildLiteBehavior [ RunTime:0.000016s ]
INFO: [ app_init ] --END-- [ RunTime:0.000601s ]
INFO: [ app_begin ] --START--
INFO: Run Behavior\ReadHtmlCacheBehavior [ RunTime:0.000822s ]
INFO: [ app_begin ] --END-- [ RunTime:0.000892s ]
SQL: SHOW COLUMNS FROM `t_ask` [ RunTime:0.0162s ]
SQL: SELECT * FROM t_ask WHERE yearweek(publishTime)= yearweek(now())  [ RunTime:0.0204s ]
INFO: [ app_end ] --START--
INFO: Run Behavior\ShowPageTraceBehavior [ RunTime:0.001223s ]
INFO: [ app_end ] --END-- [ RunTime:0.001300s ]

[ 2016-06-10T17:19:50+08:00 ] ::1 /knowhow/Home/Ask/ask
INFO: [ app_init ] --START--
INFO: Run Behavior\BuildLiteBehavior [ RunTime:0.000028s ]
INFO: [ app_init ] --END-- [ RunTime:0.001010s ]
INFO: [ app_begin ] --START--
INFO: Run Behavior\ReadHtmlCacheBehavior [ RunTime:0.001077s ]
INFO: [ app_begin ] --END-- [ RunTime:0.001190s ]
SQL: SHOW COLUMNS FROM `t_ask` [ RunTime:0.0013s ]
SQL: SELECT * FROM t_ask WHERE yearweek(publishTime)= yearweek(now())  [ RunTime:0.0005s ]
INFO: [ app_end ] --START--
INFO: Run Behavior\ShowPageTraceBehavior [ RunTime:0.000778s ]
INFO: [ app_end ] --END-- [ RunTime:0.000839s ]

[ 2016-06-10T17:23:39+08:00 ] ::1 /knowhow/Home/Ask/ask
INFO: [ app_init ] --START--
INFO: Run Behavior\BuildLiteBehavior [ RunTime:0.000025s ]
INFO: [ app_init ] --END-- [ RunTime:0.002167s ]
INFO: [ app_begin ] --START--
INFO: Run Behavior\ReadHtmlCacheBehavior [ RunTime:0.000851s ]
INFO: [ app_begin ] --END-- [ RunTime:0.000928s ]

[ 2016-06-10T17:23:43+08:00 ] ::1 /knowhow/Home/Ask/ask
INFO: [ app_init ] --START--
INFO: Run Behavior\BuildLiteBehavior [ RunTime:0.000025s ]
INFO: [ app_init ] --END-- [ RunTime:0.001043s ]
INFO: [ app_begin ] --START--
INFO: Run Behavior\ReadHtmlCacheBehavior [ RunTime:0.000922s ]
INFO: [ app_begin ] --END-- [ RunTime:0.001034s ]

[ 2016-06-10T17:24:56+08:00 ] ::1 /knowhow/Home/Ask/ask
INFO: [ app_init ] --START--
INFO: Run Behavior\BuildLiteBehavior [ RunTime:0.000017s ]
INFO: [ app_init ] --END-- [ RunTime:0.000660s ]
INFO: [ app_begin ] --START--
INFO: Run Behavior\ReadHtmlCacheBehavior [ RunTime:0.000795s ]
INFO: [ app_begin ] --END-- [ RunTime:0.000869s ]

[ 2016-06-10T17:26:14+08:00 ] ::1 /knowhow/Home/Ask/ask
INFO: [ app_init ] --START--
INFO: Run Behavior\BuildLiteBehavior [ RunTime:0.000017s ]
INFO: [ app_init ] --END-- [ RunTime:0.000600s ]
INFO: [ app_begin ] --START--
INFO: Run Behavior\ReadHtmlCacheBehavior [ RunTime:0.001102s ]
INFO: [ app_begin ] --END-- [ RunTime:0.001181s ]

[ 2016-06-10T17:26:20+08:00 ] ::1 /knowhow/Home/Ask/ask
INFO: [ app_init ] --START--
INFO: Run Behavior\BuildLiteBehavior [ RunTime:0.000023s ]
INFO: [ app_init ] --END-- [ RunTime:0.000969s ]
INFO: [ app_begin ] --START--
INFO: Run Behavior\ReadHtmlCacheBehavior [ RunTime:0.001008s ]
INFO: [ app_begin ] --END-- [ RunTime:0.001157s ]

[ 2016-06-10T17:26:22+08:00 ] ::1 /knowhow/Home/Ask/ask
INFO: [ app_init ] --START--
INFO: Run Behavior\BuildLiteBehavior [ RunTime:0.000021s ]
INFO: [ app_init ] --END-- [ RunTime:0.000845s ]
INFO: [ app_begin ] --START--
INFO: Run Behavior\ReadHtmlCacheBehavior [ RunTime:0.000899s ]
INFO: [ app_begin ] --END-- [ RunTime:0.000996s ]

[ 2016-06-10T17:26:31+08:00 ] ::1 /knowhow/Home/Ask/ask
INFO: [ app_init ] --START--
INFO: Run Behavior\BuildLiteBehavior [ RunTime:0.000018s ]
INFO: [ app_init ] --END-- [ RunTime:0.000752s ]
INFO: [ app_begin ] --START--
INFO: Run Behavior\ReadHtmlCacheBehavior [ RunTime:0.000754s ]
INFO: [ app_begin ] --END-- [ RunTime:0.000838s ]

[ 2016-06-10T17:27:28+08:00 ] ::1 /knowhow/Home/Ask/ask
INFO: [ app_init ] --START--
INFO: Run Behavior\BuildLiteBehavior [ RunTime:0.000022s ]
INFO: [ app_init ] --END-- [ RunTime:0.000777s ]
INFO: [ app_begin ] --START--
INFO: Run Behavior\ReadHtmlCacheBehavior [ RunTime:0.001496s ]
INFO: [ app_begin ] --END-- [ RunTime:0.001870s ]

[ 2016-06-10T17:27:29+08:00 ] ::1 /knowhow/Home/Ask/ask
INFO: [ app_init ] --START--
INFO: Run Behavior\BuildLiteBehavior [ RunTime:0.000024s ]
INFO: [ app_init ] --END-- [ RunTime:0.000970s ]
INFO: [ app_begin ] --START--
INFO: Run Behavior\ReadHtmlCacheBehavior [ RunTime:0.001084s ]
INFO: [ app_begin ] --END-- [ RunTime:0.001183s ]

[ 2016-06-10T17:28:41+08:00 ] ::1 /knowhow/Home/Ask/ask
INFO: [ app_init ] --START--
INFO: Run Behavior\BuildLiteBehavior [ RunTime:0.000022s ]
INFO: [ app_init ] --END-- [ RunTime:0.000924s ]
INFO: [ app_begin ] --START--
INFO: Run Behavior\ReadHtmlCacheBehavior [ RunTime:0.001723s ]
INFO: [ app_begin ] --END-- [ RunTime:0.001831s ]

[ 2016-06-10T17:28:41+08:00 ] ::1 /knowhow/Home/Ask/ask
INFO: [ app_init ] --START--
INFO: Run Behavior\BuildLiteBehavior [ RunTime:0.000024s ]
INFO: [ app_init ] --END-- [ RunTime:0.002241s ]
INFO: [ app_begin ] --START--
INFO: Run Behavior\ReadHtmlCacheBehavior [ RunTime:0.001151s ]
INFO: [ app_begin ] --END-- [ RunTime:0.001259s ]

[ 2016-06-10T17:29:45+08:00 ] ::1 /knowhow/Home/Ask/ask
INFO: [ app_init ] --START--
INFO: Run Behavior\BuildLiteBehavior [ RunTime:0.000021s ]
INFO: [ app_init ] --END-- [ RunTime:0.000619s ]
INFO: [ app_begin ] --START--
INFO: Run Behavior\ReadHtmlCacheBehavior [ RunTime:0.000842s ]
INFO: [ app_begin ] --END-- [ RunTime:0.000916s ]
SQL: SHOW COLUMNS FROM `t_ask` [ RunTime:0.0018s ]
SQL: SHOW COLUMNS FROM `t_ask` [ RunTime:0.0016s ]
SQL: select id,title,content,zan,cai,viewCount,asktype,bounty,uid, acceptid,editTime,publishTime,answerTime,
			(case when ifnull(editTime,0)>(case when publishTime > ifnull(answerTime,0) 
			then publishTime else answerTime end) then  editTime else (case when publishTime > ifnull(answerTime,0) 
			then publishTime else answerTime end) end) as time from t_ask group by id order by time desc limit 100 [ RunTime:0.0268s ]
SQL: SELECT * FROM `t_ask` WHERE ( id=2 ) LIMIT 1   [ RunTime:0.0005s ]
SQL: SHOW COLUMNS FROM `t_answer` [ RunTime:0.0014s ]
SQL: SELECT * FROM `t_answer` WHERE ( 1=1 AND askid='2' )  [ RunTime:0.0004s ]
SQL: SHOW COLUMNS FROM `t_tag` [ RunTime:0.0018s ]
NOTIC: [8] Undefined index: mapping_order D:\SOFT\AppServ\www\knowhow\ThinkPHP\Library\Think\Model\RelationModel.class.php 第 186 行.
NOTIC: [8] Undefined index: mapping_limit D:\SOFT\AppServ\www\knowhow\ThinkPHP\Library\Think\Model\RelationModel.class.php 第 187 行.
SQL: SELECT b.id,tagname FROM t_ask_tag AS a, t_tag AS b WHERE a.tagid = b.id AND a. askid='2' [ RunTime:0.0012s ]
SQL: SHOW COLUMNS FROM `t_userinfo` [ RunTime:0.0018s ]
SQL: SELECT `id`,`name`,`reputation` FROM `t_userinfo` WHERE ( 1=1 AND id='2' ) LIMIT 1   [ RunTime:0.0005s ]
SQL: SELECT * FROM `t_ask` WHERE ( id=1 ) LIMIT 1   [ RunTime:0.0022s ]
SQL: SELECT * FROM `t_answer` WHERE ( 1=1 AND askid='1' )  [ RunTime:0.0008s ]
NOTIC: [8] Undefined index: mapping_order D:\SOFT\AppServ\www\knowhow\ThinkPHP\Library\Think\Model\RelationModel.class.php 第 186 行.
NOTIC: [8] Undefined index: mapping_limit D:\SOFT\AppServ\www\knowhow\ThinkPHP\Library\Think\Model\RelationModel.class.php 第 187 行.
SQL: SELECT b.id,tagname FROM t_ask_tag AS a, t_tag AS b WHERE a.tagid = b.id AND a. askid='1' [ RunTime:0.0005s ]
SQL: SELECT `id`,`name`,`reputation` FROM `t_userinfo` WHERE ( 1=1 AND id='1' ) LIMIT 1   [ RunTime:0.0004s ]
SQL: SELECT * FROM `t_ask` WHERE ( id=3 ) LIMIT 1   [ RunTime:0.0004s ]
SQL: SELECT * FROM `t_answer` WHERE ( 1=1 AND askid='3' )  [ RunTime:0.0005s ]
NOTIC: [8] Undefined index: mapping_order D:\SOFT\AppServ\www\knowhow\ThinkPHP\Library\Think\Model\RelationModel.class.php 第 186 行.
NOTIC: [8] Undefined index: mapping_limit D:\SOFT\AppServ\www\knowhow\ThinkPHP\Library\Think\Model\RelationModel.class.php 第 187 行.
SQL: SELECT b.id,tagname FROM t_ask_tag AS a, t_tag AS b WHERE a.tagid = b.id AND a. askid='3' [ RunTime:0.0005s ]
SQL: SELECT `id`,`name`,`reputation` FROM `t_userinfo` WHERE ( 1=1 AND id='3' ) LIMIT 1   [ RunTime:0.0004s ]
INFO: [ app_end ] --START--
INFO: Run Behavior\ShowPageTraceBehavior [ RunTime:0.000891s ]
INFO: [ app_end ] --END-- [ RunTime:0.000950s ]

[ 2016-06-10T17:29:49+08:00 ] ::1 /knowhow/Home/Ask/ask
INFO: [ app_init ] --START--
INFO: Run Behavior\BuildLiteBehavior [ RunTime:0.000025s ]
INFO: [ app_init ] --END-- [ RunTime:0.000857s ]
INFO: [ app_begin ] --START--
INFO: Run Behavior\ReadHtmlCacheBehavior [ RunTime:0.001090s ]
INFO: [ app_begin ] --END-- [ RunTime:0.001200s ]
SQL: SHOW COLUMNS FROM `t_ask` [ RunTime:0.0025s ]
SQL: SHOW COLUMNS FROM `t_ask` [ RunTime:0.0013s ]
SQL: select id,title,content,zan,cai,viewCount,asktype,bounty,uid, acceptid,editTime,publishTime,answerTime,
			(case when ifnull(editTime,0)>(case when publishTime > ifnull(answerTime,0) 
			then publishTime else answerTime end) then  editTime else (case when publishTime > ifnull(answerTime,0) 
			then publishTime else answerTime end) end) as time from t_ask group by id order by time desc limit 100 [ RunTime:0.0012s ]
SQL: SELECT * FROM `t_ask` WHERE ( id=2 ) LIMIT 1   [ RunTime:0.0007s ]
SQL: SHOW COLUMNS FROM `t_answer` [ RunTime:0.0026s ]
SQL: SELECT * FROM `t_answer` WHERE ( 1=1 AND askid='2' )  [ RunTime:0.0007s ]
SQL: SHOW COLUMNS FROM `t_tag` [ RunTime:0.0017s ]
NOTIC: [8] Undefined index: mapping_order D:\SOFT\AppServ\www\knowhow\ThinkPHP\Library\Think\Model\RelationModel.class.php 第 186 行.
NOTIC: [8] Undefined index: mapping_limit D:\SOFT\AppServ\www\knowhow\ThinkPHP\Library\Think\Model\RelationModel.class.php 第 187 行.
SQL: SELECT b.id,tagname FROM t_ask_tag AS a, t_tag AS b WHERE a.tagid = b.id AND a. askid='2' [ RunTime:0.0021s ]
SQL: SHOW COLUMNS FROM `t_userinfo` [ RunTime:0.0014s ]
SQL: SELECT `id`,`name`,`reputation` FROM `t_userinfo` WHERE ( 1=1 AND id='2' ) LIMIT 1   [ RunTime:0.0004s ]
SQL: SELECT * FROM `t_ask` WHERE ( id=1 ) LIMIT 1   [ RunTime:0.0004s ]
SQL: SELECT * FROM `t_answer` WHERE ( 1=1 AND askid='1' )  [ RunTime:0.0005s ]
NOTIC: [8] Undefined index: mapping_order D:\SOFT\AppServ\www\knowhow\ThinkPHP\Library\Think\Model\RelationModel.class.php 第 186 行.
NOTIC: [8] Undefined index: mapping_limit D:\SOFT\AppServ\www\knowhow\ThinkPHP\Library\Think\Model\RelationModel.class.php 第 187 行.
SQL: SELECT b.id,tagname FROM t_ask_tag AS a, t_tag AS b WHERE a.tagid = b.id AND a. askid='1' [ RunTime:0.0005s ]
SQL: SELECT `id`,`name`,`reputation` FROM `t_userinfo` WHERE ( 1=1 AND id='1' ) LIMIT 1   [ RunTime:0.0004s ]
SQL: SELECT * FROM `t_ask` WHERE ( id=3 ) LIMIT 1   [ RunTime:0.0004s ]
SQL: SELECT * FROM `t_answer` WHERE ( 1=1 AND askid='3' )  [ RunTime:0.0005s ]
NOTIC: [8] Undefined index: mapping_order D:\SOFT\AppServ\www\knowhow\ThinkPHP\Library\Think\Model\RelationModel.class.php 第 186 行.
NOTIC: [8] Undefined index: mapping_limit D:\SOFT\AppServ\www\knowhow\ThinkPHP\Library\Think\Model\RelationModel.class.php 第 187 行.
SQL: SELECT b.id,tagname FROM t_ask_tag AS a, t_tag AS b WHERE a.tagid = b.id AND a. askid='3' [ RunTime:0.0005s ]
SQL: SELECT `id`,`name`,`reputation` FROM `t_userinfo` WHERE ( 1=1 AND id='3' ) LIMIT 1   [ RunTime:0.0003s ]
INFO: [ app_end ] --START--
INFO: Run Behavior\ShowPageTraceBehavior [ RunTime:0.001301s ]
INFO: [ app_end ] --END-- [ RunTime:0.001385s ]

[ 2016-06-10T17:31:07+08:00 ] ::1 /knowhow/Home/Ask/ask
INFO: [ app_init ] --START--
INFO: Run Behavior\BuildLiteBehavior [ RunTime:0.000017s ]
INFO: [ app_init ] --END-- [ RunTime:0.000669s ]
INFO: [ app_begin ] --START--
INFO: Run Behavior\ReadHtmlCacheBehavior [ RunTime:0.000821s ]
INFO: [ app_begin ] --END-- [ RunTime:0.000908s ]
SQL: SHOW COLUMNS FROM `t_ask` [ RunTime:0.0024s ]
SQL: SHOW COLUMNS FROM `t_ask` [ RunTime:0.0010s ]
SQL: select ts.id,ts.title,ts.content,ts.zan,ts.cai,ts.viewCount,ts.asktype,ts.bounty,ts.uid, ts.acceptid,ts.editTime,ts.publishTime,ts.answerTime,
		(case when ifnull(ts.editTime,0)>(case when ts.publishTime > ifnull(ts.answerTime,0) then ts.publishTime else ts.answerTime end) 
		then  ts.editTime else (case when ts.publishTime > ifnull(ts.answerTime,0) then ts.publishTime else ts.answerTime end) end) as time, 
		(select count(ta.id) from t_answer as ta where ta.askid=ts.id) as ansnum from t_ask as ts group by id order by viewCount desc,
		ansnum desc, (ts.zan-ts.cai) desc [ RunTime:0.0261s ]
SQL: SELECT * FROM `t_ask` WHERE ( id=3 ) LIMIT 1   [ RunTime:0.0006s ]
SQL: SHOW COLUMNS FROM `t_answer` [ RunTime:0.0008s ]
SQL: SELECT * FROM `t_answer` WHERE ( 1=1 AND askid='3' )  [ RunTime:0.0005s ]
SQL: SHOW COLUMNS FROM `t_tag` [ RunTime:0.0013s ]
NOTIC: [8] Undefined index: mapping_order D:\SOFT\AppServ\www\knowhow\ThinkPHP\Library\Think\Model\RelationModel.class.php 第 186 行.
NOTIC: [8] Undefined index: mapping_limit D:\SOFT\AppServ\www\knowhow\ThinkPHP\Library\Think\Model\RelationModel.class.php 第 187 行.
SQL: SELECT b.id,tagname FROM t_ask_tag AS a, t_tag AS b WHERE a.tagid = b.id AND a. askid='3' [ RunTime:0.0011s ]
SQL: SHOW COLUMNS FROM `t_userinfo` [ RunTime:0.0015s ]
SQL: SELECT `id`,`name`,`reputation` FROM `t_userinfo` WHERE ( 1=1 AND id='3' ) LIMIT 1   [ RunTime:0.0004s ]
SQL: SELECT * FROM `t_ask` WHERE ( id=1 ) LIMIT 1   [ RunTime:0.0004s ]
SQL: SELECT * FROM `t_answer` WHERE ( 1=1 AND askid='1' )  [ RunTime:0.0005s ]
NOTIC: [8] Undefined index: mapping_order D:\SOFT\AppServ\www\knowhow\ThinkPHP\Library\Think\Model\RelationModel.class.php 第 186 行.
NOTIC: [8] Undefined index: mapping_limit D:\SOFT\AppServ\www\knowhow\ThinkPHP\Library\Think\Model\RelationModel.class.php 第 187 行.
SQL: SELECT b.id,tagname FROM t_ask_tag AS a, t_tag AS b WHERE a.tagid = b.id AND a. askid='1' [ RunTime:0.0005s ]
SQL: SELECT `id`,`name`,`reputation` FROM `t_userinfo` WHERE ( 1=1 AND id='1' ) LIMIT 1   [ RunTime:0.0004s ]
SQL: SELECT * FROM `t_ask` WHERE ( id=2 ) LIMIT 1   [ RunTime:0.0007s ]
SQL: SELECT * FROM `t_answer` WHERE ( 1=1 AND askid='2' )  [ RunTime:0.0004s ]
NOTIC: [8] Undefined index: mapping_order D:\SOFT\AppServ\www\knowhow\ThinkPHP\Library\Think\Model\RelationModel.class.php 第 186 行.
NOTIC: [8] Undefined index: mapping_limit D:\SOFT\AppServ\www\knowhow\ThinkPHP\Library\Think\Model\RelationModel.class.php 第 187 行.
SQL: SELECT b.id,tagname FROM t_ask_tag AS a, t_tag AS b WHERE a.tagid = b.id AND a. askid='2' [ RunTime:0.0005s ]
SQL: SELECT `id`,`name`,`reputation` FROM `t_userinfo` WHERE ( 1=1 AND id='2' ) LIMIT 1   [ RunTime:0.0003s ]
INFO: [ app_end ] --START--
INFO: Run Behavior\ShowPageTraceBehavior [ RunTime:0.000871s ]
INFO: [ app_end ] --END-- [ RunTime:0.000932s ]

[ 2016-06-10T17:31:07+08:00 ] ::1 /knowhow/Home/Ask/ask
INFO: [ app_init ] --START--
INFO: Run Behavior\BuildLiteBehavior [ RunTime:0.000020s ]
INFO: [ app_init ] --END-- [ RunTime:0.000687s ]
INFO: [ app_begin ] --START--
INFO: Run Behavior\ReadHtmlCacheBehavior [ RunTime:0.000919s ]
INFO: [ app_begin ] --END-- [ RunTime:0.001012s ]
SQL: SHOW COLUMNS FROM `t_ask` [ RunTime:0.0019s ]
SQL: SHOW COLUMNS FROM `t_ask` [ RunTime:0.0011s ]
SQL: select ts.id,ts.title,ts.content,ts.zan,ts.cai,ts.viewCount,ts.asktype,ts.bounty,ts.uid, ts.acceptid,ts.editTime,ts.publishTime,ts.answerTime,
		(case when ifnull(ts.editTime,0)>(case when ts.publishTime > ifnull(ts.answerTime,0) then ts.publishTime else ts.answerTime end) 
		then  ts.editTime else (case when ts.publishTime > ifnull(ts.answerTime,0) then ts.publishTime else ts.answerTime end) end) as time, 
		(select count(ta.id) from t_answer as ta where ta.askid=ts.id) as ansnum from t_ask as ts group by id order by viewCount desc,
		ansnum desc, (ts.zan-ts.cai) desc [ RunTime:0.0026s ]
SQL: SELECT * FROM `t_ask` WHERE ( id=3 ) LIMIT 1   [ RunTime:0.0006s ]
SQL: SHOW COLUMNS FROM `t_answer` [ RunTime:0.0010s ]
SQL: SELECT * FROM `t_answer` WHERE ( 1=1 AND askid='3' )  [ RunTime:0.0006s ]
SQL: SHOW COLUMNS FROM `t_tag` [ RunTime:0.0016s ]
NOTIC: [8] Undefined index: mapping_order D:\SOFT\AppServ\www\knowhow\ThinkPHP\Library\Think\Model\RelationModel.class.php 第 186 行.
NOTIC: [8] Undefined index: mapping_limit D:\SOFT\AppServ\www\knowhow\ThinkPHP\Library\Think\Model\RelationModel.class.php 第 187 行.
SQL: SELECT b.id,tagname FROM t_ask_tag AS a, t_tag AS b WHERE a.tagid = b.id AND a. askid='3' [ RunTime:0.0012s ]
SQL: SHOW COLUMNS FROM `t_userinfo` [ RunTime:0.0019s ]
SQL: SELECT `id`,`name`,`reputation` FROM `t_userinfo` WHERE ( 1=1 AND id='3' ) LIMIT 1   [ RunTime:0.0006s ]
SQL: SELECT * FROM `t_ask` WHERE ( id=1 ) LIMIT 1   [ RunTime:0.0006s ]
SQL: SELECT * FROM `t_answer` WHERE ( 1=1 AND askid='1' )  [ RunTime:0.0006s ]
NOTIC: [8] Undefined index: mapping_order D:\SOFT\AppServ\www\knowhow\ThinkPHP\Library\Think\Model\RelationModel.class.php 第 186 行.
NOTIC: [8] Undefined index: mapping_limit D:\SOFT\AppServ\www\knowhow\ThinkPHP\Library\Think\Model\RelationModel.class.php 第 187 行.
SQL: SELECT b.id,tagname FROM t_ask_tag AS a, t_tag AS b WHERE a.tagid = b.id AND a. askid='1' [ RunTime:0.0006s ]
SQL: SELECT `id`,`name`,`reputation` FROM `t_userinfo` WHERE ( 1=1 AND id='1' ) LIMIT 1   [ RunTime:0.0008s ]
SQL: SELECT * FROM `t_ask` WHERE ( id=2 ) LIMIT 1   [ RunTime:0.0007s ]
SQL: SELECT * FROM `t_answer` WHERE ( 1=1 AND askid='2' )  [ RunTime:0.0005s ]
NOTIC: [8] Undefined index: mapping_order D:\SOFT\AppServ\www\knowhow\ThinkPHP\Library\Think\Model\RelationModel.class.php 第 186 行.
NOTIC: [8] Undefined index: mapping_limit D:\SOFT\AppServ\www\knowhow\ThinkPHP\Library\Think\Model\RelationModel.class.php 第 187 行.
SQL: SELECT b.id,tagname FROM t_ask_tag AS a, t_tag AS b WHERE a.tagid = b.id AND a. askid='2' [ RunTime:0.0006s ]
SQL: SELECT `id`,`name`,`reputation` FROM `t_userinfo` WHERE ( 1=1 AND id='2' ) LIMIT 1   [ RunTime:0.0004s ]
INFO: [ app_end ] --START--
INFO: Run Behavior\ShowPageTraceBehavior [ RunTime:0.000889s ]
INFO: [ app_end ] --END-- [ RunTime:0.000969s ]

[ 2016-06-10T17:36:07+08:00 ] ::1 /knowhow/Home/Ask/ask
INFO: [ app_init ] --START--
INFO: Run Behavior\BuildLiteBehavior [ RunTime:0.000016s ]
INFO: [ app_init ] --END-- [ RunTime:0.000588s ]
INFO: [ app_begin ] --START--
INFO: Run Behavior\ReadHtmlCacheBehavior [ RunTime:0.000785s ]
INFO: [ app_begin ] --END-- [ RunTime:0.000863s ]
SQL: SHOW COLUMNS FROM `t_ask` [ RunTime:0.0015s ]
SQL: SHOW COLUMNS FROM `t_ask` [ RunTime:0.0010s ]
SQL: select ts.id,ts.title,ts.content,ts.zan,ts.cai,ts.viewCount,ts.asktype,ts.bounty,ts.uid, ts.acceptid,ts.editTime,ts.publishTime,ts.answerTime,
		(case when ifnull(ts.editTime,0)>(case when ts.publishTime > ifnull(ts.answerTime,0) then ts.publishTime else ts.answerTime end)
		then  ts.editTime else (case when ts.publishTime > ifnull(ts.answerTime,0) then ts.publishTime else ts.answerTime end) end) as time,
		(select count(ta.id) from t_answer as ta where ta.askid=ts.id) as ansnum from t_ask as ts where yearweek(ts.publishTime)= yearweek(now()) group by id order by viewCount desc,
		ansnum desc, (ts.zan-ts.cai) desc [ RunTime:0.0017s ]
SQL: SELECT * FROM `t_ask` WHERE ( id=3 ) LIMIT 1   [ RunTime:0.0005s ]
SQL: SHOW COLUMNS FROM `t_answer` [ RunTime:0.0008s ]
SQL: SELECT * FROM `t_answer` WHERE ( 1=1 AND askid='3' )  [ RunTime:0.0004s ]
SQL: SHOW COLUMNS FROM `t_tag` [ RunTime:0.0016s ]
NOTIC: [8] Undefined index: mapping_order D:\SOFT\AppServ\www\knowhow\ThinkPHP\Library\Think\Model\RelationModel.class.php 第 186 行.
NOTIC: [8] Undefined index: mapping_limit D:\SOFT\AppServ\www\knowhow\ThinkPHP\Library\Think\Model\RelationModel.class.php 第 187 行.
SQL: SELECT b.id,tagname FROM t_ask_tag AS a, t_tag AS b WHERE a.tagid = b.id AND a. askid='3' [ RunTime:0.0012s ]
SQL: SHOW COLUMNS FROM `t_userinfo` [ RunTime:0.0013s ]
SQL: SELECT `id`,`name`,`reputation` FROM `t_userinfo` WHERE ( 1=1 AND id='3' ) LIMIT 1   [ RunTime:0.0004s ]
SQL: SELECT * FROM `t_ask` WHERE ( id=2 ) LIMIT 1   [ RunTime:0.0015s ]
SQL: SELECT * FROM `t_answer` WHERE ( 1=1 AND askid='2' )  [ RunTime:0.0008s ]
NOTIC: [8] Undefined index: mapping_order D:\SOFT\AppServ\www\knowhow\ThinkPHP\Library\Think\Model\RelationModel.class.php 第 186 行.
NOTIC: [8] Undefined index: mapping_limit D:\SOFT\AppServ\www\knowhow\ThinkPHP\Library\Think\Model\RelationModel.class.php 第 187 行.
SQL: SELECT b.id,tagname FROM t_ask_tag AS a, t_tag AS b WHERE a.tagid = b.id AND a. askid='2' [ RunTime:0.0005s ]
SQL: SELECT `id`,`name`,`reputation` FROM `t_userinfo` WHERE ( 1=1 AND id='2' ) LIMIT 1   [ RunTime:0.0003s ]
INFO: [ app_end ] --START--
INFO: Run Behavior\ShowPageTraceBehavior [ RunTime:0.001132s ]
INFO: [ app_end ] --END-- [ RunTime:0.001216s ]

[ 2016-06-10T18:03:49+08:00 ] ::1 /knowhow/Home/Ask/ask
INFO: [ app_init ] --START--
INFO: Run Behavior\BuildLiteBehavior [ RunTime:0.000022s ]
INFO: [ app_init ] --END-- [ RunTime:0.001852s ]
INFO: [ app_begin ] --START--
INFO: Run Behavior\ReadHtmlCacheBehavior [ RunTime:1.046853s ]
INFO: [ app_begin ] --END-- [ RunTime:1.046929s ]
SQL: SHOW COLUMNS FROM `t_ask` [ RunTime:0.0021s ]
SQL: SHOW COLUMNS FROM `t_ask` [ RunTime:0.0012s ]
SQL: select ts.id,ts.title,ts.content,ts.zan,ts.cai,ts.viewCount,ts.asktype,ts.bounty,ts.uid, ts.acceptid,ts.editTime,ts.publishTime,ts.answerTime,
		(case when ifnull(ts.editTime,0)>(case when ts.publishTime > ifnull(ts.answerTime,0) then ts.publishTime else ts.answerTime end)
		then  ts.editTime else (case when ts.publishTime > ifnull(ts.answerTime,0) then ts.publishTime else ts.answerTime end) end) as time,
		(select count(ta.id) from t_answer as ta where ta.askid=ts.id) as ansnum from t_ask as ts where DATE_FORMAT(ts.publishTime,'%Y%m')= DATE_FORMAT(CURDATE(),'%Y%m') group by id order by viewCount desc,
		ansnum desc, (ts.zan-ts.cai) desc [ RunTime:1.9381s ]
SQL: SELECT * FROM `t_ask` WHERE ( id=3 ) LIMIT 1   [ RunTime:0.0005s ]
SQL: SHOW COLUMNS FROM `t_answer` [ RunTime:0.0008s ]
SQL: SELECT * FROM `t_answer` WHERE ( 1=1 AND askid='3' )  [ RunTime:0.0004s ]
SQL: SHOW COLUMNS FROM `t_tag` [ RunTime:0.0023s ]
NOTIC: [8] Undefined index: mapping_order D:\SOFT\AppServ\www\knowhow\ThinkPHP\Library\Think\Model\RelationModel.class.php 第 186 行.
NOTIC: [8] Undefined index: mapping_limit D:\SOFT\AppServ\www\knowhow\ThinkPHP\Library\Think\Model\RelationModel.class.php 第 187 行.
SQL: SELECT b.id,tagname FROM t_ask_tag AS a, t_tag AS b WHERE a.tagid = b.id AND a. askid='3' [ RunTime:0.0016s ]
SQL: SHOW COLUMNS FROM `t_userinfo` [ RunTime:0.0022s ]
SQL: SELECT `id`,`name`,`reputation` FROM `t_userinfo` WHERE ( 1=1 AND id='3' ) LIMIT 1   [ RunTime:0.0005s ]
SQL: SELECT * FROM `t_ask` WHERE ( id=1 ) LIMIT 1   [ RunTime:0.0006s ]
SQL: SELECT * FROM `t_answer` WHERE ( 1=1 AND askid='1' )  [ RunTime:0.0006s ]
NOTIC: [8] Undefined index: mapping_order D:\SOFT\AppServ\www\knowhow\ThinkPHP\Library\Think\Model\RelationModel.class.php 第 186 行.
NOTIC: [8] Undefined index: mapping_limit D:\SOFT\AppServ\www\knowhow\ThinkPHP\Library\Think\Model\RelationModel.class.php 第 187 行.
SQL: SELECT b.id,tagname FROM t_ask_tag AS a, t_tag AS b WHERE a.tagid = b.id AND a. askid='1' [ RunTime:0.0007s ]
SQL: SELECT `id`,`name`,`reputation` FROM `t_userinfo` WHERE ( 1=1 AND id='1' ) LIMIT 1   [ RunTime:0.0006s ]
SQL: SELECT * FROM `t_ask` WHERE ( id=2 ) LIMIT 1   [ RunTime:0.0006s ]
SQL: SELECT * FROM `t_answer` WHERE ( 1=1 AND askid='2' )  [ RunTime:0.0005s ]
NOTIC: [8] Undefined index: mapping_order D:\SOFT\AppServ\www\knowhow\ThinkPHP\Library\Think\Model\RelationModel.class.php 第 186 行.
NOTIC: [8] Undefined index: mapping_limit D:\SOFT\AppServ\www\knowhow\ThinkPHP\Library\Think\Model\RelationModel.class.php 第 187 行.
SQL: SELECT b.id,tagname FROM t_ask_tag AS a, t_tag AS b WHERE a.tagid = b.id AND a. askid='2' [ RunTime:0.0005s ]
SQL: SELECT `id`,`name`,`reputation` FROM `t_userinfo` WHERE ( 1=1 AND id='2' ) LIMIT 1   [ RunTime:0.0004s ]
INFO: [ app_end ] --START--
INFO: Run Behavior\ShowPageTraceBehavior [ RunTime:0.149604s ]
INFO: [ app_end ] --END-- [ RunTime:0.149677s ]

[ 2016-06-10T18:14:21+08:00 ] ::1 /knowhow/Home/Ask/ask
INFO: [ app_init ] --START--
INFO: Run Behavior\BuildLiteBehavior [ RunTime:0.000024s ]
INFO: [ app_init ] --END-- [ RunTime:0.001111s ]
INFO: [ app_begin ] --START--
INFO: Run Behavior\ReadHtmlCacheBehavior [ RunTime:0.002308s ]
INFO: [ app_begin ] --END-- [ RunTime:0.002405s ]
SQL: SHOW COLUMNS FROM `t_ask` [ RunTime:0.6511s ]
SQL: SHOW COLUMNS FROM `t_ask` [ RunTime:0.0015s ]
SQL: select ts.id,ts.title,ts.content,ts.zan,ts.cai,ts.viewCount,ts.asktype,ts.bounty,ts.uid, ts.acceptid,ts.editTime,ts.publishTime,ts.answerTime,
		(case when ifnull(ts.editTime,0)>(case when ts.publishTime > ifnull(ts.answerTime,0) then ts.publishTime else ts.answerTime end)
		then  ts.editTime else (case when ts.publishTime > ifnull(ts.answerTime,0) then ts.publishTime else ts.answerTime end) end) as time,
		(select count(ta.id) from t_answer as ta where ta.askid=ts.id) as ansnum from t_ask as ts where DATE_FORMAT(ts.publishTime,'%Y%m')= DATE_FORMAT(CURDATE(),'%Y%m') group by id order by viewCount desc,
		ansnum desc, (ts.zan-ts.cai) desc [ RunTime:0.0710s ]
SQL: SELECT * FROM `t_ask` WHERE ( id=3 ) LIMIT 1   [ RunTime:0.0005s ]
SQL: SHOW COLUMNS FROM `t_answer` [ RunTime:0.0359s ]
SQL: SELECT * FROM `t_answer` WHERE ( 1=1 AND askid='3' )  [ RunTime:0.0012s ]
SQL: SHOW COLUMNS FROM `t_tag` [ RunTime:0.0015s ]
NOTIC: [8] Undefined index: mapping_order D:\SOFT\AppServ\www\knowhow\ThinkPHP\Library\Think\Model\RelationModel.class.php 第 186 行.
NOTIC: [8] Undefined index: mapping_limit D:\SOFT\AppServ\www\knowhow\ThinkPHP\Library\Think\Model\RelationModel.class.php 第 187 行.
SQL: SELECT b.id,tagname FROM t_ask_tag AS a, t_tag AS b WHERE a.tagid = b.id AND a. askid='3' [ RunTime:0.0010s ]
SQL: SHOW COLUMNS FROM `t_userinfo` [ RunTime:0.0014s ]
SQL: SELECT `id`,`name`,`reputation` FROM `t_userinfo` WHERE ( 1=1 AND id='3' ) LIMIT 1   [ RunTime:0.0004s ]
SQL: SELECT * FROM `t_ask` WHERE ( id=1 ) LIMIT 1   [ RunTime:0.0004s ]
SQL: SELECT * FROM `t_answer` WHERE ( 1=1 AND askid='1' )  [ RunTime:0.0004s ]
NOTIC: [8] Undefined index: mapping_order D:\SOFT\AppServ\www\knowhow\ThinkPHP\Library\Think\Model\RelationModel.class.php 第 186 行.
NOTIC: [8] Undefined index: mapping_limit D:\SOFT\AppServ\www\knowhow\ThinkPHP\Library\Think\Model\RelationModel.class.php 第 187 行.
SQL: SELECT b.id,tagname FROM t_ask_tag AS a, t_tag AS b WHERE a.tagid = b.id AND a. askid='1' [ RunTime:0.0005s ]
SQL: SELECT `id`,`name`,`reputation` FROM `t_userinfo` WHERE ( 1=1 AND id='1' ) LIMIT 1   [ RunTime:0.0007s ]
SQL: SELECT * FROM `t_ask` WHERE ( id=2 ) LIMIT 1   [ RunTime:0.0008s ]
SQL: SELECT * FROM `t_answer` WHERE ( 1=1 AND askid='2' )  [ RunTime:0.0006s ]
NOTIC: [8] Undefined index: mapping_order D:\SOFT\AppServ\www\knowhow\ThinkPHP\Library\Think\Model\RelationModel.class.php 第 186 行.
NOTIC: [8] Undefined index: mapping_limit D:\SOFT\AppServ\www\knowhow\ThinkPHP\Library\Think\Model\RelationModel.class.php 第 187 行.
SQL: SELECT b.id,tagname FROM t_ask_tag AS a, t_tag AS b WHERE a.tagid = b.id AND a. askid='2' [ RunTime:0.0012s ]
SQL: SELECT `id`,`name`,`reputation` FROM `t_userinfo` WHERE ( 1=1 AND id='2' ) LIMIT 1   [ RunTime:0.0007s ]
INFO: [ app_end ] --START--
INFO: Run Behavior\ShowPageTraceBehavior [ RunTime:0.001696s ]
INFO: [ app_end ] --END-- [ RunTime:0.001808s ]

[ 2016-06-10T23:13:19+08:00 ] ::1 /knowhow/Home/Ask/ask
INFO: [ app_init ] --START--
INFO: Run Behavior\BuildLiteBehavior [ RunTime:0.000018s ]
INFO: [ app_init ] --END-- [ RunTime:0.000699s ]
INFO: [ app_begin ] --START--
INFO: Run Behavior\ReadHtmlCacheBehavior [ RunTime:0.000890s ]
INFO: [ app_begin ] --END-- [ RunTime:0.000981s ]
SQL: SHOW COLUMNS FROM `t_ask` [ RunTime:0.0020s ]
SQL: SHOW COLUMNS FROM `t_ask` [ RunTime:0.0013s ]
SQL: select id,title,content,zan,cai,viewCount,uid,publishTime from t_ask group by id order by  viewCount desc,publishTime desc [ RunTime:0.0009s ]
SQL: SELECT * FROM `t_ask` WHERE ( id=3 ) LIMIT 1   [ RunTime:0.0009s ]
SQL: SHOW COLUMNS FROM `t_answer` [ RunTime:0.0021s ]
SQL: SELECT * FROM `t_answer` WHERE ( 1=1 AND askid='3' )  [ RunTime:0.0009s ]
SQL: SHOW COLUMNS FROM `t_tag` [ RunTime:0.0018s ]
NOTIC: [8] Undefined index: mapping_order D:\SOFT\AppServ\www\knowhow\ThinkPHP\Library\Think\Model\RelationModel.class.php 第 186 行.
NOTIC: [8] Undefined index: mapping_limit D:\SOFT\AppServ\www\knowhow\ThinkPHP\Library\Think\Model\RelationModel.class.php 第 187 行.
SQL: SELECT b.id,tagname FROM t_ask_tag AS a, t_tag AS b WHERE a.tagid = b.id AND a. askid='3' [ RunTime:0.0016s ]
SQL: SHOW COLUMNS FROM `t_userinfo` [ RunTime:0.0020s ]
SQL: SELECT `id`,`name`,`reputation` FROM `t_userinfo` WHERE ( 1=1 AND id='3' ) LIMIT 1   [ RunTime:0.0005s ]
SQL: SELECT * FROM `t_ask` WHERE ( id=1 ) LIMIT 1   [ RunTime:0.0006s ]
SQL: SELECT * FROM `t_answer` WHERE ( 1=1 AND askid='1' )  [ RunTime:0.0009s ]
NOTIC: [8] Undefined index: mapping_order D:\SOFT\AppServ\www\knowhow\ThinkPHP\Library\Think\Model\RelationModel.class.php 第 186 行.
NOTIC: [8] Undefined index: mapping_limit D:\SOFT\AppServ\www\knowhow\ThinkPHP\Library\Think\Model\RelationModel.class.php 第 187 行.
SQL: SELECT b.id,tagname FROM t_ask_tag AS a, t_tag AS b WHERE a.tagid = b.id AND a. askid='1' [ RunTime:0.0010s ]
SQL: SELECT `id`,`name`,`reputation` FROM `t_userinfo` WHERE ( 1=1 AND id='1' ) LIMIT 1   [ RunTime:0.0005s ]
SQL: SELECT * FROM `t_ask` WHERE ( id=4 ) LIMIT 1   [ RunTime:0.0006s ]
SQL: SELECT * FROM `t_answer` WHERE ( 1=1 AND askid='4' )  [ RunTime:0.0006s ]
NOTIC: [8] Undefined index: mapping_order D:\SOFT\AppServ\www\knowhow\ThinkPHP\Library\Think\Model\RelationModel.class.php 第 186 行.
NOTIC: [8] Undefined index: mapping_limit D:\SOFT\AppServ\www\knowhow\ThinkPHP\Library\Think\Model\RelationModel.class.php 第 187 行.
SQL: SELECT b.id,tagname FROM t_ask_tag AS a, t_tag AS b WHERE a.tagid = b.id AND a. askid='4' [ RunTime:0.0007s ]
SQL: SELECT `id`,`name`,`reputation` FROM `t_userinfo` WHERE ( 1=1 AND id='1' ) LIMIT 1   [ RunTime:0.0007s ]
SQL: SELECT * FROM `t_ask` WHERE ( id=2 ) LIMIT 1   [ RunTime:0.0007s ]
SQL: SELECT * FROM `t_answer` WHERE ( 1=1 AND askid='2' )  [ RunTime:0.0007s ]
NOTIC: [8] Undefined index: mapping_order D:\SOFT\AppServ\www\knowhow\ThinkPHP\Library\Think\Model\RelationModel.class.php 第 186 行.
NOTIC: [8] Undefined index: mapping_limit D:\SOFT\AppServ\www\knowhow\ThinkPHP\Library\Think\Model\RelationModel.class.php 第 187 行.
SQL: SELECT b.id,tagname FROM t_ask_tag AS a, t_tag AS b WHERE a.tagid = b.id AND a. askid='2' [ RunTime:0.0009s ]
SQL: SELECT `id`,`name`,`reputation` FROM `t_userinfo` WHERE ( 1=1 AND id='2' ) LIMIT 1   [ RunTime:0.0005s ]
INFO: [ app_end ] --START--
INFO: Run Behavior\ShowPageTraceBehavior [ RunTime:0.001221s ]
INFO: [ app_end ] --END-- [ RunTime:0.001311s ]

[ 2016-06-10T23:13:19+08:00 ] ::1 /knowhow/Home/Ask/ask
INFO: [ app_init ] --START--
INFO: Run Behavior\BuildLiteBehavior [ RunTime:0.000021s ]
INFO: [ app_init ] --END-- [ RunTime:0.000768s ]
INFO: [ app_begin ] --START--
INFO: Run Behavior\ReadHtmlCacheBehavior [ RunTime:0.000909s ]
INFO: [ app_begin ] --END-- [ RunTime:0.000999s ]
SQL: SHOW COLUMNS FROM `t_ask` [ RunTime:0.0021s ]
SQL: SHOW COLUMNS FROM `t_ask` [ RunTime:0.0017s ]
SQL: select id,title,content,zan,cai,viewCount,uid,publishTime from t_ask group by id order by  viewCount desc,publishTime desc [ RunTime:0.0010s ]
SQL: SELECT * FROM `t_ask` WHERE ( id=3 ) LIMIT 1   [ RunTime:0.0011s ]
SQL: SHOW COLUMNS FROM `t_answer` [ RunTime:0.0018s ]
SQL: SELECT * FROM `t_answer` WHERE ( 1=1 AND askid='3' )  [ RunTime:0.0008s ]
SQL: SHOW COLUMNS FROM `t_tag` [ RunTime:0.0025s ]
NOTIC: [8] Undefined index: mapping_order D:\SOFT\AppServ\www\knowhow\ThinkPHP\Library\Think\Model\RelationModel.class.php 第 186 行.
NOTIC: [8] Undefined index: mapping_limit D:\SOFT\AppServ\www\knowhow\ThinkPHP\Library\Think\Model\RelationModel.class.php 第 187 行.
SQL: SELECT b.id,tagname FROM t_ask_tag AS a, t_tag AS b WHERE a.tagid = b.id AND a. askid='3' [ RunTime:0.0015s ]
SQL: SHOW COLUMNS FROM `t_userinfo` [ RunTime:0.0022s ]
SQL: SELECT `id`,`name`,`reputation` FROM `t_userinfo` WHERE ( 1=1 AND id='3' ) LIMIT 1   [ RunTime:0.0005s ]
SQL: SELECT * FROM `t_ask` WHERE ( id=1 ) LIMIT 1   [ RunTime:0.0007s ]
SQL: SELECT * FROM `t_answer` WHERE ( 1=1 AND askid='1' )  [ RunTime:0.0006s ]
NOTIC: [8] Undefined index: mapping_order D:\SOFT\AppServ\www\knowhow\ThinkPHP\Library\Think\Model\RelationModel.class.php 第 186 行.
NOTIC: [8] Undefined index: mapping_limit D:\SOFT\AppServ\www\knowhow\ThinkPHP\Library\Think\Model\RelationModel.class.php 第 187 行.
SQL: SELECT b.id,tagname FROM t_ask_tag AS a, t_tag AS b WHERE a.tagid = b.id AND a. askid='1' [ RunTime:0.0009s ]
SQL: SELECT `id`,`name`,`reputation` FROM `t_userinfo` WHERE ( 1=1 AND id='1' ) LIMIT 1   [ RunTime:0.0006s ]
SQL: SELECT * FROM `t_ask` WHERE ( id=4 ) LIMIT 1   [ RunTime:0.0006s ]
SQL: SELECT * FROM `t_answer` WHERE ( 1=1 AND askid='4' )  [ RunTime:0.0007s ]
NOTIC: [8] Undefined index: mapping_order D:\SOFT\AppServ\www\knowhow\ThinkPHP\Library\Think\Model\RelationModel.class.php 第 186 行.
NOTIC: [8] Undefined index: mapping_limit D:\SOFT\AppServ\www\knowhow\ThinkPHP\Library\Think\Model\RelationModel.class.php 第 187 行.
SQL: SELECT b.id,tagname FROM t_ask_tag AS a, t_tag AS b WHERE a.tagid = b.id AND a. askid='4' [ RunTime:0.0006s ]
SQL: SELECT `id`,`name`,`reputation` FROM `t_userinfo` WHERE ( 1=1 AND id='1' ) LIMIT 1   [ RunTime:0.0006s ]
SQL: SELECT * FROM `t_ask` WHERE ( id=2 ) LIMIT 1   [ RunTime:0.0007s ]
SQL: SELECT * FROM `t_answer` WHERE ( 1=1 AND askid='2' )  [ RunTime:0.0006s ]
NOTIC: [8] Undefined index: mapping_order D:\SOFT\AppServ\www\knowhow\ThinkPHP\Library\Think\Model\RelationModel.class.php 第 186 行.
NOTIC: [8] Undefined index: mapping_limit D:\SOFT\AppServ\www\knowhow\ThinkPHP\Library\Think\Model\RelationModel.class.php 第 187 行.
SQL: SELECT b.id,tagname FROM t_ask_tag AS a, t_tag AS b WHERE a.tagid = b.id AND a. askid='2' [ RunTime:0.0007s ]
SQL: SELECT `id`,`name`,`reputation` FROM `t_userinfo` WHERE ( 1=1 AND id='2' ) LIMIT 1   [ RunTime:0.0007s ]
INFO: [ app_end ] --START--
INFO: Run Behavior\ShowPageTraceBehavior [ RunTime:0.000990s ]
INFO: [ app_end ] --END-- [ RunTime:0.001088s ]

[ 2016-06-10T23:15:29+08:00 ] ::1 /knowhow/Home/Ask/ask
INFO: [ app_init ] --START--
INFO: Run Behavior\BuildLiteBehavior [ RunTime:0.000018s ]
INFO: [ app_init ] --END-- [ RunTime:0.000662s ]
INFO: [ app_begin ] --START--
INFO: Run Behavior\ReadHtmlCacheBehavior [ RunTime:0.001072s ]
INFO: [ app_begin ] --END-- [ RunTime:0.001197s ]
SQL: SHOW COLUMNS FROM `t_ask` [ RunTime:0.0022s ]
SQL: SHOW COLUMNS FROM `t_ask` [ RunTime:0.0014s ]
SQL: select id,title,content,zan,cai,viewCount,uid,publishTime from t_ask group by id order by  viewCount desc,publishTime desc [ RunTime:0.0010s ]
SQL: SELECT * FROM `t_ask` WHERE ( id=3 ) LIMIT 1   [ RunTime:0.0007s ]
SQL: SHOW COLUMNS FROM `t_answer` [ RunTime:0.0027s ]
SQL: SELECT * FROM `t_answer` WHERE ( 1=1 AND askid='3' )  [ RunTime:0.0013s ]
SQL: SHOW COLUMNS FROM `t_tag` [ RunTime:0.0013s ]
NOTIC: [8] Undefined index: mapping_order D:\SOFT\AppServ\www\knowhow\ThinkPHP\Library\Think\Model\RelationModel.class.php 第 186 行.
NOTIC: [8] Undefined index: mapping_limit D:\SOFT\AppServ\www\knowhow\ThinkPHP\Library\Think\Model\RelationModel.class.php 第 187 行.
SQL: SELECT b.id,tagname FROM t_ask_tag AS a, t_tag AS b WHERE a.tagid = b.id AND a. askid='3' [ RunTime:0.0012s ]
SQL: SHOW COLUMNS FROM `t_userinfo` [ RunTime:0.0014s ]
SQL: SELECT `id`,`name`,`reputation` FROM `t_userinfo` WHERE ( 1=1 AND id='3' ) LIMIT 1   [ RunTime:0.0003s ]
SQL: SELECT * FROM `t_ask` WHERE ( id=1 ) LIMIT 1   [ RunTime:0.0004s ]
SQL: SELECT * FROM `t_answer` WHERE ( 1=1 AND askid='1' )  [ RunTime:0.0006s ]
NOTIC: [8] Undefined index: mapping_order D:\SOFT\AppServ\www\knowhow\ThinkPHP\Library\Think\Model\RelationModel.class.php 第 186 行.
NOTIC: [8] Undefined index: mapping_limit D:\SOFT\AppServ\www\knowhow\ThinkPHP\Library\Think\Model\RelationModel.class.php 第 187 行.
SQL: SELECT b.id,tagname FROM t_ask_tag AS a, t_tag AS b WHERE a.tagid = b.id AND a. askid='1' [ RunTime:0.0005s ]
SQL: SELECT `id`,`name`,`reputation` FROM `t_userinfo` WHERE ( 1=1 AND id='1' ) LIMIT 1   [ RunTime:0.0004s ]
SQL: SELECT * FROM `t_ask` WHERE ( id=4 ) LIMIT 1   [ RunTime:0.0004s ]
SQL: SELECT * FROM `t_answer` WHERE ( 1=1 AND askid='4' )  [ RunTime:0.0004s ]
NOTIC: [8] Undefined index: mapping_order D:\SOFT\AppServ\www\knowhow\ThinkPHP\Library\Think\Model\RelationModel.class.php 第 186 行.
NOTIC: [8] Undefined index: mapping_limit D:\SOFT\AppServ\www\knowhow\ThinkPHP\Library\Think\Model\RelationModel.class.php 第 187 行.
SQL: SELECT b.id,tagname FROM t_ask_tag AS a, t_tag AS b WHERE a.tagid = b.id AND a. askid='4' [ RunTime:0.0004s ]
SQL: SELECT `id`,`name`,`reputation` FROM `t_userinfo` WHERE ( 1=1 AND id='1' ) LIMIT 1   [ RunTime:0.0006s ]
SQL: SELECT * FROM `t_ask` WHERE ( id=2 ) LIMIT 1   [ RunTime:0.0005s ]
SQL: SELECT * FROM `t_answer` WHERE ( 1=1 AND askid='2' )  [ RunTime:0.0004s ]
NOTIC: [8] Undefined index: mapping_order D:\SOFT\AppServ\www\knowhow\ThinkPHP\Library\Think\Model\RelationModel.class.php 第 186 行.
NOTIC: [8] Undefined index: mapping_limit D:\SOFT\AppServ\www\knowhow\ThinkPHP\Library\Think\Model\RelationModel.class.php 第 187 行.
SQL: SELECT b.id,tagname FROM t_ask_tag AS a, t_tag AS b WHERE a.tagid = b.id AND a. askid='2' [ RunTime:0.0005s ]
SQL: SELECT `id`,`name`,`reputation` FROM `t_userinfo` WHERE ( 1=1 AND id='2' ) LIMIT 1   [ RunTime:0.0003s ]
INFO: [ app_end ] --START--
INFO: Run Behavior\ShowPageTraceBehavior [ RunTime:0.001287s ]
INFO: [ app_end ] --END-- [ RunTime:0.001365s ]

[ 2016-06-10T23:15:51+08:00 ] ::1 /knowhow/Home/Ask/ask
INFO: [ app_init ] --START--
INFO: Run Behavior\BuildLiteBehavior [ RunTime:0.000017s ]
INFO: [ app_init ] --END-- [ RunTime:0.000606s ]
INFO: [ app_begin ] --START--
INFO: Run Behavior\ReadHtmlCacheBehavior [ RunTime:0.000821s ]
INFO: [ app_begin ] --END-- [ RunTime:0.000891s ]
SQL: SHOW COLUMNS FROM `t_ask` [ RunTime:0.0022s ]
SQL: SHOW COLUMNS FROM `t_ask` [ RunTime:0.0019s ]
SQL: select id,title,content,zan,cai,viewCount,uid,publishTime from t_ask group by id order by (zan-cai) desc,publishTime desc [ RunTime:0.0010s ]
SQL: SELECT * FROM `t_ask` WHERE ( id=3 ) LIMIT 1   [ RunTime:0.0010s ]
SQL: SHOW COLUMNS FROM `t_answer` [ RunTime:0.0023s ]
SQL: SELECT * FROM `t_answer` WHERE ( 1=1 AND askid='3' )  [ RunTime:0.0007s ]
SQL: SHOW COLUMNS FROM `t_tag` [ RunTime:0.0021s ]
NOTIC: [8] Undefined index: mapping_order D:\SOFT\AppServ\www\knowhow\ThinkPHP\Library\Think\Model\RelationModel.class.php 第 186 行.
NOTIC: [8] Undefined index: mapping_limit D:\SOFT\AppServ\www\knowhow\ThinkPHP\Library\Think\Model\RelationModel.class.php 第 187 行.
SQL: SELECT b.id,tagname FROM t_ask_tag AS a, t_tag AS b WHERE a.tagid = b.id AND a. askid='3' [ RunTime:0.0021s ]
SQL: SHOW COLUMNS FROM `t_userinfo` [ RunTime:0.0021s ]
SQL: SELECT `id`,`name`,`reputation` FROM `t_userinfo` WHERE ( 1=1 AND id='3' ) LIMIT 1   [ RunTime:0.0006s ]
SQL: SELECT * FROM `t_ask` WHERE ( id=2 ) LIMIT 1   [ RunTime:0.0008s ]
SQL: SELECT * FROM `t_answer` WHERE ( 1=1 AND askid='2' )  [ RunTime:0.0006s ]
NOTIC: [8] Undefined index: mapping_order D:\SOFT\AppServ\www\knowhow\ThinkPHP\Library\Think\Model\RelationModel.class.php 第 186 行.
NOTIC: [8] Undefined index: mapping_limit D:\SOFT\AppServ\www\knowhow\ThinkPHP\Library\Think\Model\RelationModel.class.php 第 187 行.
SQL: SELECT b.id,tagname FROM t_ask_tag AS a, t_tag AS b WHERE a.tagid = b.id AND a. askid='2' [ RunTime:0.0008s ]
SQL: SELECT `id`,`name`,`reputation` FROM `t_userinfo` WHERE ( 1=1 AND id='2' ) LIMIT 1   [ RunTime:0.0007s ]
SQL: SELECT * FROM `t_ask` WHERE ( id=1 ) LIMIT 1   [ RunTime:0.0008s ]
SQL: SELECT * FROM `t_answer` WHERE ( 1=1 AND askid='1' )  [ RunTime:0.0010s ]
NOTIC: [8] Undefined index: mapping_order D:\SOFT\AppServ\www\knowhow\ThinkPHP\Library\Think\Model\RelationModel.class.php 第 186 行.
NOTIC: [8] Undefined index: mapping_limit D:\SOFT\AppServ\www\knowhow\ThinkPHP\Library\Think\Model\RelationModel.class.php 第 187 行.
SQL: SELECT b.id,tagname FROM t_ask_tag AS a, t_tag AS b WHERE a.tagid = b.id AND a. askid='1' [ RunTime:0.0009s ]
SQL: SELECT `id`,`name`,`reputation` FROM `t_userinfo` WHERE ( 1=1 AND id='1' ) LIMIT 1   [ RunTime:0.0006s ]
SQL: SELECT * FROM `t_ask` WHERE ( id=4 ) LIMIT 1   [ RunTime:0.0006s ]
SQL: SELECT * FROM `t_answer` WHERE ( 1=1 AND askid='4' )  [ RunTime:0.0006s ]
NOTIC: [8] Undefined index: mapping_order D:\SOFT\AppServ\www\knowhow\ThinkPHP\Library\Think\Model\RelationModel.class.php 第 186 行.
NOTIC: [8] Undefined index: mapping_limit D:\SOFT\AppServ\www\knowhow\ThinkPHP\Library\Think\Model\RelationModel.class.php 第 187 行.
SQL: SELECT b.id,tagname FROM t_ask_tag AS a, t_tag AS b WHERE a.tagid = b.id AND a. askid='4' [ RunTime:0.0006s ]
SQL: SELECT `id`,`name`,`reputation` FROM `t_userinfo` WHERE ( 1=1 AND id='1' ) LIMIT 1   [ RunTime:0.0012s ]
INFO: [ app_end ] --START--
INFO: Run Behavior\ShowPageTraceBehavior [ RunTime:0.001123s ]
INFO: [ app_end ] --END-- [ RunTime:0.001207s ]

[ 2016-06-10T23:15:51+08:00 ] ::1 /knowhow/Home/Ask/ask
INFO: [ app_init ] --START--
INFO: Run Behavior\BuildLiteBehavior [ RunTime:0.000024s ]
INFO: [ app_init ] --END-- [ RunTime:0.001025s ]
INFO: [ app_begin ] --START--
INFO: Run Behavior\ReadHtmlCacheBehavior [ RunTime:0.001246s ]
INFO: [ app_begin ] --END-- [ RunTime:0.001381s ]
SQL: SHOW COLUMNS FROM `t_ask` [ RunTime:0.0011s ]
SQL: SHOW COLUMNS FROM `t_ask` [ RunTime:0.0012s ]
SQL: select id,title,content,zan,cai,viewCount,uid,publishTime from t_ask group by id order by (zan-cai) desc,publishTime desc [ RunTime:0.0009s ]
SQL: SELECT * FROM `t_ask` WHERE ( id=3 ) LIMIT 1   [ RunTime:0.0008s ]
SQL: SHOW COLUMNS FROM `t_answer` [ RunTime:0.0010s ]
SQL: SELECT * FROM `t_answer` WHERE ( 1=1 AND askid='3' )  [ RunTime:0.0006s ]
SQL: SHOW COLUMNS FROM `t_tag` [ RunTime:0.0010s ]
NOTIC: [8] Undefined index: mapping_order D:\SOFT\AppServ\www\knowhow\ThinkPHP\Library\Think\Model\RelationModel.class.php 第 186 行.
NOTIC: [8] Undefined index: mapping_limit D:\SOFT\AppServ\www\knowhow\ThinkPHP\Library\Think\Model\RelationModel.class.php 第 187 行.
SQL: SELECT b.id,tagname FROM t_ask_tag AS a, t_tag AS b WHERE a.tagid = b.id AND a. askid='3' [ RunTime:0.0007s ]
SQL: SHOW COLUMNS FROM `t_userinfo` [ RunTime:0.0011s ]
SQL: SELECT `id`,`name`,`reputation` FROM `t_userinfo` WHERE ( 1=1 AND id='3' ) LIMIT 1   [ RunTime:0.0005s ]
SQL: SELECT * FROM `t_ask` WHERE ( id=2 ) LIMIT 1   [ RunTime:0.0007s ]
SQL: SELECT * FROM `t_answer` WHERE ( 1=1 AND askid='2' )  [ RunTime:0.0006s ]
NOTIC: [8] Undefined index: mapping_order D:\SOFT\AppServ\www\knowhow\ThinkPHP\Library\Think\Model\RelationModel.class.php 第 186 行.
NOTIC: [8] Undefined index: mapping_limit D:\SOFT\AppServ\www\knowhow\ThinkPHP\Library\Think\Model\RelationModel.class.php 第 187 行.
SQL: SELECT b.id,tagname FROM t_ask_tag AS a, t_tag AS b WHERE a.tagid = b.id AND a. askid='2' [ RunTime:0.0007s ]
SQL: SELECT `id`,`name`,`reputation` FROM `t_userinfo` WHERE ( 1=1 AND id='2' ) LIMIT 1   [ RunTime:0.0006s ]
SQL: SELECT * FROM `t_ask` WHERE ( id=1 ) LIMIT 1   [ RunTime:0.0007s ]
SQL: SELECT * FROM `t_answer` WHERE ( 1=1 AND askid='1' )  [ RunTime:0.0008s ]
NOTIC: [8] Undefined index: mapping_order D:\SOFT\AppServ\www\knowhow\ThinkPHP\Library\Think\Model\RelationModel.class.php 第 186 行.
NOTIC: [8] Undefined index: mapping_limit D:\SOFT\AppServ\www\knowhow\ThinkPHP\Library\Think\Model\RelationModel.class.php 第 187 行.
SQL: SELECT b.id,tagname FROM t_ask_tag AS a, t_tag AS b WHERE a.tagid = b.id AND a. askid='1' [ RunTime:0.0008s ]
SQL: SELECT `id`,`name`,`reputation` FROM `t_userinfo` WHERE ( 1=1 AND id='1' ) LIMIT 1   [ RunTime:0.0006s ]
SQL: SELECT * FROM `t_ask` WHERE ( id=4 ) LIMIT 1   [ RunTime:0.0008s ]
SQL: SELECT * FROM `t_answer` WHERE ( 1=1 AND askid='4' )  [ RunTime:0.0006s ]
NOTIC: [8] Undefined index: mapping_order D:\SOFT\AppServ\www\knowhow\ThinkPHP\Library\Think\Model\RelationModel.class.php 第 186 行.
NOTIC: [8] Undefined index: mapping_limit D:\SOFT\AppServ\www\knowhow\ThinkPHP\Library\Think\Model\RelationModel.class.php 第 187 行.
SQL: SELECT b.id,tagname FROM t_ask_tag AS a, t_tag AS b WHERE a.tagid = b.id AND a. askid='4' [ RunTime:0.0007s ]
SQL: SELECT `id`,`name`,`reputation` FROM `t_userinfo` WHERE ( 1=1 AND id='1' ) LIMIT 1   [ RunTime:0.0013s ]
INFO: [ app_end ] --START--
INFO: Run Behavior\ShowPageTraceBehavior [ RunTime:0.001170s ]
INFO: [ app_end ] --END-- [ RunTime:0.001278s ]

[ 2016-06-10T23:29:28+08:00 ] ::1 /knowhow/Home/Ask/ask
INFO: [ app_init ] --START--
INFO: Run Behavior\BuildLiteBehavior [ RunTime:0.000017s ]
INFO: [ app_init ] --END-- [ RunTime:0.000640s ]
INFO: [ app_begin ] --START--
INFO: Run Behavior\ReadHtmlCacheBehavior [ RunTime:0.000831s ]
INFO: [ app_begin ] --END-- [ RunTime:0.000910s ]
SQL: SHOW COLUMNS FROM `t_ask` [ RunTime:0.0015s ]
SQL: SHOW COLUMNS FROM `t_ask` [ RunTime:0.0013s ]
SQL: select id,title,content,zan,cai,viewCount,uid,publishTime,acceptid from t_ask group by id order by (zan-cai) desc,publishTime desc [ RunTime:0.0009s ]
SQL: SELECT * FROM `t_ask` WHERE ( id=3 ) LIMIT 1   [ RunTime:0.0007s ]
SQL: SHOW COLUMNS FROM `t_answer` [ RunTime:0.0018s ]
SQL: SELECT * FROM `t_answer` WHERE ( 1=1 AND askid='3' )  [ RunTime:0.0005s ]
SQL: SHOW COLUMNS FROM `t_tag` [ RunTime:0.0015s ]
NOTIC: [8] Undefined index: mapping_order D:\SOFT\AppServ\www\knowhow\ThinkPHP\Library\Think\Model\RelationModel.class.php 第 186 行.
NOTIC: [8] Undefined index: mapping_limit D:\SOFT\AppServ\www\knowhow\ThinkPHP\Library\Think\Model\RelationModel.class.php 第 187 行.
SQL: SELECT b.id,tagname FROM t_ask_tag AS a, t_tag AS b WHERE a.tagid = b.id AND a. askid='3' [ RunTime:0.0015s ]
SQL: SHOW COLUMNS FROM `t_userinfo` [ RunTime:0.0020s ]
SQL: SELECT `id`,`name`,`reputation` FROM `t_userinfo` WHERE ( 1=1 AND id='3' ) LIMIT 1   [ RunTime:0.0011s ]
SQL: SELECT * FROM `t_ask` WHERE ( id=2 ) LIMIT 1   [ RunTime:0.0007s ]
SQL: SELECT * FROM `t_answer` WHERE ( 1=1 AND askid='2' )  [ RunTime:0.0006s ]
NOTIC: [8] Undefined index: mapping_order D:\SOFT\AppServ\www\knowhow\ThinkPHP\Library\Think\Model\RelationModel.class.php 第 186 行.
NOTIC: [8] Undefined index: mapping_limit D:\SOFT\AppServ\www\knowhow\ThinkPHP\Library\Think\Model\RelationModel.class.php 第 187 行.
SQL: SELECT b.id,tagname FROM t_ask_tag AS a, t_tag AS b WHERE a.tagid = b.id AND a. askid='2' [ RunTime:0.0008s ]
SQL: SELECT `id`,`name`,`reputation` FROM `t_userinfo` WHERE ( 1=1 AND id='2' ) LIMIT 1   [ RunTime:0.0006s ]
SQL: SELECT * FROM `t_ask` WHERE ( id=1 ) LIMIT 1   [ RunTime:0.0008s ]
SQL: SELECT * FROM `t_answer` WHERE ( 1=1 AND askid='1' )  [ RunTime:0.0007s ]
NOTIC: [8] Undefined index: mapping_order D:\SOFT\AppServ\www\knowhow\ThinkPHP\Library\Think\Model\RelationModel.class.php 第 186 行.
NOTIC: [8] Undefined index: mapping_limit D:\SOFT\AppServ\www\knowhow\ThinkPHP\Library\Think\Model\RelationModel.class.php 第 187 行.
SQL: SELECT b.id,tagname FROM t_ask_tag AS a, t_tag AS b WHERE a.tagid = b.id AND a. askid='1' [ RunTime:0.0007s ]
SQL: SELECT `id`,`name`,`reputation` FROM `t_userinfo` WHERE ( 1=1 AND id='1' ) LIMIT 1   [ RunTime:0.0005s ]
SQL: SELECT * FROM `t_ask` WHERE ( id=4 ) LIMIT 1   [ RunTime:0.0006s ]
SQL: SELECT * FROM `t_answer` WHERE ( 1=1 AND askid='4' )  [ RunTime:0.0006s ]
NOTIC: [8] Undefined index: mapping_order D:\SOFT\AppServ\www\knowhow\ThinkPHP\Library\Think\Model\RelationModel.class.php 第 186 行.
NOTIC: [8] Undefined index: mapping_limit D:\SOFT\AppServ\www\knowhow\ThinkPHP\Library\Think\Model\RelationModel.class.php 第 187 行.
SQL: SELECT b.id,tagname FROM t_ask_tag AS a, t_tag AS b WHERE a.tagid = b.id AND a. askid='4' [ RunTime:0.0006s ]
SQL: SELECT `id`,`name`,`reputation` FROM `t_userinfo` WHERE ( 1=1 AND id='1' ) LIMIT 1   [ RunTime:0.0006s ]
ERR: 1064:
 [ SQL语句 ] : SELECT * FROM `t_ask` WHERE ( id= ) LIMIT 1  
ERR: 1064:
 [ SQL语句 ] : SELECT * FROM `t_ask` WHERE ( id= ) LIMIT 1  

[ 2016-06-10T23:29:32+08:00 ] ::1 /knowhow/Home/Ask/ask
INFO: [ app_init ] --START--
INFO: Run Behavior\BuildLiteBehavior [ RunTime:0.000022s ]
INFO: [ app_init ] --END-- [ RunTime:0.000837s ]
INFO: [ app_begin ] --START--
INFO: Run Behavior\ReadHtmlCacheBehavior [ RunTime:0.001169s ]
INFO: [ app_begin ] --END-- [ RunTime:0.001284s ]
SQL: SHOW COLUMNS FROM `t_ask` [ RunTime:0.0951s ]
SQL: SHOW COLUMNS FROM `t_ask` [ RunTime:0.0010s ]
SQL: select id,title,content,zan,cai,viewCount,uid,publishTime,acceptid from t_ask group by id order by (zan-cai) desc,publishTime desc [ RunTime:0.0007s ]
SQL: SELECT * FROM `t_ask` WHERE ( id=3 ) LIMIT 1   [ RunTime:0.0006s ]
SQL: SHOW COLUMNS FROM `t_answer` [ RunTime:0.0103s ]
SQL: SELECT * FROM `t_answer` WHERE ( 1=1 AND askid='3' )  [ RunTime:0.0005s ]
SQL: SHOW COLUMNS FROM `t_tag` [ RunTime:0.0015s ]
NOTIC: [8] Undefined index: mapping_order D:\SOFT\AppServ\www\knowhow\ThinkPHP\Library\Think\Model\RelationModel.class.php 第 186 行.
NOTIC: [8] Undefined index: mapping_limit D:\SOFT\AppServ\www\knowhow\ThinkPHP\Library\Think\Model\RelationModel.class.php 第 187 行.
SQL: SELECT b.id,tagname FROM t_ask_tag AS a, t_tag AS b WHERE a.tagid = b.id AND a. askid='3' [ RunTime:0.0012s ]
SQL: SHOW COLUMNS FROM `t_userinfo` [ RunTime:0.0014s ]
SQL: SELECT `id`,`name`,`reputation` FROM `t_userinfo` WHERE ( 1=1 AND id='3' ) LIMIT 1   [ RunTime:0.0005s ]
SQL: SELECT * FROM `t_ask` WHERE ( id=2 ) LIMIT 1   [ RunTime:0.0005s ]
SQL: SELECT * FROM `t_answer` WHERE ( 1=1 AND askid='2' )  [ RunTime:0.0004s ]
NOTIC: [8] Undefined index: mapping_order D:\SOFT\AppServ\www\knowhow\ThinkPHP\Library\Think\Model\RelationModel.class.php 第 186 行.
NOTIC: [8] Undefined index: mapping_limit D:\SOFT\AppServ\www\knowhow\ThinkPHP\Library\Think\Model\RelationModel.class.php 第 187 行.
SQL: SELECT b.id,tagname FROM t_ask_tag AS a, t_tag AS b WHERE a.tagid = b.id AND a. askid='2' [ RunTime:0.0005s ]
SQL: SELECT `id`,`name`,`reputation` FROM `t_userinfo` WHERE ( 1=1 AND id='2' ) LIMIT 1   [ RunTime:0.0003s ]
SQL: SELECT * FROM `t_ask` WHERE ( id=1 ) LIMIT 1   [ RunTime:0.0004s ]
SQL: SELECT * FROM `t_answer` WHERE ( 1=1 AND askid='1' )  [ RunTime:0.0005s ]
NOTIC: [8] Undefined index: mapping_order D:\SOFT\AppServ\www\knowhow\ThinkPHP\Library\Think\Model\RelationModel.class.php 第 186 行.
NOTIC: [8] Undefined index: mapping_limit D:\SOFT\AppServ\www\knowhow\ThinkPHP\Library\Think\Model\RelationModel.class.php 第 187 行.
SQL: SELECT b.id,tagname FROM t_ask_tag AS a, t_tag AS b WHERE a.tagid = b.id AND a. askid='1' [ RunTime:0.0006s ]
SQL: SELECT `id`,`name`,`reputation` FROM `t_userinfo` WHERE ( 1=1 AND id='1' ) LIMIT 1   [ RunTime:0.0005s ]
SQL: SELECT * FROM `t_ask` WHERE ( id=4 ) LIMIT 1   [ RunTime:0.0014s ]
SQL: SELECT * FROM `t_answer` WHERE ( 1=1 AND askid='4' )  [ RunTime:0.0008s ]
NOTIC: [8] Undefined index: mapping_order D:\SOFT\AppServ\www\knowhow\ThinkPHP\Library\Think\Model\RelationModel.class.php 第 186 行.
NOTIC: [8] Undefined index: mapping_limit D:\SOFT\AppServ\www\knowhow\ThinkPHP\Library\Think\Model\RelationModel.class.php 第 187 行.
SQL: SELECT b.id,tagname FROM t_ask_tag AS a, t_tag AS b WHERE a.tagid = b.id AND a. askid='4' [ RunTime:0.0004s ]
SQL: SELECT `id`,`name`,`reputation` FROM `t_userinfo` WHERE ( 1=1 AND id='1' ) LIMIT 1   [ RunTime:0.0004s ]
ERR: 1064:
 [ SQL语句 ] : SELECT * FROM `t_ask` WHERE ( id= ) LIMIT 1  
ERR: 1064:
 [ SQL语句 ] : SELECT * FROM `t_ask` WHERE ( id= ) LIMIT 1  

[ 2016-06-10T23:30:11+08:00 ] ::1 /knowhow/Home/Ask/ask
INFO: [ app_init ] --START--
INFO: Run Behavior\BuildLiteBehavior [ RunTime:0.000015s ]
INFO: [ app_init ] --END-- [ RunTime:0.000531s ]
INFO: [ app_begin ] --START--
INFO: Run Behavior\ReadHtmlCacheBehavior [ RunTime:0.001567s ]
INFO: [ app_begin ] --END-- [ RunTime:0.001752s ]
SQL: SHOW COLUMNS FROM `t_ask` [ RunTime:0.0009s ]
SQL: SHOW COLUMNS FROM `t_ask` [ RunTime:0.0009s ]
SQL: select id,title,content,zan,cai,viewCount,uid,publishTime,acceptid from t_ask group by id order by (zan-cai) desc,publishTime desc [ RunTime:0.0006s ]
SQL: SELECT * FROM `t_ask` WHERE ( id=3 ) LIMIT 1   [ RunTime:0.0005s ]
SQL: SHOW COLUMNS FROM `t_answer` [ RunTime:0.0014s ]
SQL: SELECT * FROM `t_answer` WHERE ( 1=1 AND askid='3' )  [ RunTime:0.0005s ]
SQL: SHOW COLUMNS FROM `t_tag` [ RunTime:0.0014s ]
NOTIC: [8] Undefined index: mapping_order D:\SOFT\AppServ\www\knowhow\ThinkPHP\Library\Think\Model\RelationModel.class.php 第 186 行.
NOTIC: [8] Undefined index: mapping_limit D:\SOFT\AppServ\www\knowhow\ThinkPHP\Library\Think\Model\RelationModel.class.php 第 187 行.
SQL: SELECT b.id,tagname FROM t_ask_tag AS a, t_tag AS b WHERE a.tagid = b.id AND a. askid='3' [ RunTime:0.0012s ]
SQL: SHOW COLUMNS FROM `t_userinfo` [ RunTime:0.0015s ]
SQL: SELECT `id`,`name`,`reputation` FROM `t_userinfo` WHERE ( 1=1 AND id='3' ) LIMIT 1   [ RunTime:0.0003s ]
SQL: SELECT * FROM `t_ask` WHERE ( id=2 ) LIMIT 1   [ RunTime:0.0007s ]
SQL: SELECT * FROM `t_answer` WHERE ( 1=1 AND askid='2' )  [ RunTime:0.0010s ]
NOTIC: [8] Undefined index: mapping_order D:\SOFT\AppServ\www\knowhow\ThinkPHP\Library\Think\Model\RelationModel.class.php 第 186 行.
NOTIC: [8] Undefined index: mapping_limit D:\SOFT\AppServ\www\knowhow\ThinkPHP\Library\Think\Model\RelationModel.class.php 第 187 行.
SQL: SELECT b.id,tagname FROM t_ask_tag AS a, t_tag AS b WHERE a.tagid = b.id AND a. askid='2' [ RunTime:0.0007s ]
SQL: SELECT `id`,`name`,`reputation` FROM `t_userinfo` WHERE ( 1=1 AND id='2' ) LIMIT 1   [ RunTime:0.0003s ]
SQL: SELECT * FROM `t_ask` WHERE ( id=1 ) LIMIT 1   [ RunTime:0.0005s ]
SQL: SELECT * FROM `t_answer` WHERE ( 1=1 AND askid='1' )  [ RunTime:0.0005s ]
NOTIC: [8] Undefined index: mapping_order D:\SOFT\AppServ\www\knowhow\ThinkPHP\Library\Think\Model\RelationModel.class.php 第 186 行.
NOTIC: [8] Undefined index: mapping_limit D:\SOFT\AppServ\www\knowhow\ThinkPHP\Library\Think\Model\RelationModel.class.php 第 187 行.
SQL: SELECT b.id,tagname FROM t_ask_tag AS a, t_tag AS b WHERE a.tagid = b.id AND a. askid='1' [ RunTime:0.0005s ]
SQL: SELECT `id`,`name`,`reputation` FROM `t_userinfo` WHERE ( 1=1 AND id='1' ) LIMIT 1   [ RunTime:0.0004s ]
SQL: SELECT * FROM `t_ask` WHERE ( id=4 ) LIMIT 1   [ RunTime:0.0008s ]
SQL: SELECT * FROM `t_answer` WHERE ( 1=1 AND askid='4' )  [ RunTime:0.0005s ]
NOTIC: [8] Undefined index: mapping_order D:\SOFT\AppServ\www\knowhow\ThinkPHP\Library\Think\Model\RelationModel.class.php 第 186 行.
NOTIC: [8] Undefined index: mapping_limit D:\SOFT\AppServ\www\knowhow\ThinkPHP\Library\Think\Model\RelationModel.class.php 第 187 行.
SQL: SELECT b.id,tagname FROM t_ask_tag AS a, t_tag AS b WHERE a.tagid = b.id AND a. askid='4' [ RunTime:0.0004s ]
SQL: SELECT `id`,`name`,`reputation` FROM `t_userinfo` WHERE ( 1=1 AND id='1' ) LIMIT 1   [ RunTime:0.0004s ]
INFO: [ app_end ] --START--
INFO: Run Behavior\ShowPageTraceBehavior [ RunTime:0.000903s ]
INFO: [ app_end ] --END-- [ RunTime:0.000963s ]

[ 2016-06-10T23:30:14+08:00 ] ::1 /knowhow/Home/Ask/ask
INFO: [ app_init ] --START--
INFO: Run Behavior\BuildLiteBehavior [ RunTime:0.000023s ]
INFO: [ app_init ] --END-- [ RunTime:0.000752s ]
INFO: [ app_begin ] --START--
INFO: Run Behavior\ReadHtmlCacheBehavior [ RunTime:0.000771s ]
INFO: [ app_begin ] --END-- [ RunTime:0.000852s ]
SQL: SHOW COLUMNS FROM `t_ask` [ RunTime:0.0015s ]
SQL: SHOW COLUMNS FROM `t_ask` [ RunTime:0.0014s ]
SQL: select id,title,content,zan,cai,viewCount,uid,publishTime,acceptid from t_ask group by id order by (zan-cai) desc,publishTime desc [ RunTime:0.0010s ]
SQL: SELECT * FROM `t_ask` WHERE ( id=3 ) LIMIT 1   [ RunTime:0.0008s ]
SQL: SHOW COLUMNS FROM `t_answer` [ RunTime:0.0019s ]
SQL: SELECT * FROM `t_answer` WHERE ( 1=1 AND askid='3' )  [ RunTime:0.0007s ]
SQL: SHOW COLUMNS FROM `t_tag` [ RunTime:0.0021s ]
NOTIC: [8] Undefined index: mapping_order D:\SOFT\AppServ\www\knowhow\ThinkPHP\Library\Think\Model\RelationModel.class.php 第 186 行.
NOTIC: [8] Undefined index: mapping_limit D:\SOFT\AppServ\www\knowhow\ThinkPHP\Library\Think\Model\RelationModel.class.php 第 187 行.
SQL: SELECT b.id,tagname FROM t_ask_tag AS a, t_tag AS b WHERE a.tagid = b.id AND a. askid='3' [ RunTime:0.0017s ]
SQL: SHOW COLUMNS FROM `t_userinfo` [ RunTime:0.0022s ]
SQL: SELECT `id`,`name`,`reputation` FROM `t_userinfo` WHERE ( 1=1 AND id='3' ) LIMIT 1   [ RunTime:0.0006s ]
SQL: SELECT * FROM `t_ask` WHERE ( id=2 ) LIMIT 1   [ RunTime:0.0008s ]
SQL: SELECT * FROM `t_answer` WHERE ( 1=1 AND askid='2' )  [ RunTime:0.0008s ]
NOTIC: [8] Undefined index: mapping_order D:\SOFT\AppServ\www\knowhow\ThinkPHP\Library\Think\Model\RelationModel.class.php 第 186 行.
NOTIC: [8] Undefined index: mapping_limit D:\SOFT\AppServ\www\knowhow\ThinkPHP\Library\Think\Model\RelationModel.class.php 第 187 行.
SQL: SELECT b.id,tagname FROM t_ask_tag AS a, t_tag AS b WHERE a.tagid = b.id AND a. askid='2' [ RunTime:0.0009s ]
SQL: SELECT `id`,`name`,`reputation` FROM `t_userinfo` WHERE ( 1=1 AND id='2' ) LIMIT 1   [ RunTime:0.0006s ]
SQL: SELECT * FROM `t_ask` WHERE ( id=1 ) LIMIT 1   [ RunTime:0.0007s ]
SQL: SELECT * FROM `t_answer` WHERE ( 1=1 AND askid='1' )  [ RunTime:0.0006s ]
NOTIC: [8] Undefined index: mapping_order D:\SOFT\AppServ\www\knowhow\ThinkPHP\Library\Think\Model\RelationModel.class.php 第 186 行.
NOTIC: [8] Undefined index: mapping_limit D:\SOFT\AppServ\www\knowhow\ThinkPHP\Library\Think\Model\RelationModel.class.php 第 187 行.
SQL: SELECT b.id,tagname FROM t_ask_tag AS a, t_tag AS b WHERE a.tagid = b.id AND a. askid='1' [ RunTime:0.0007s ]
SQL: SELECT `id`,`name`,`reputation` FROM `t_userinfo` WHERE ( 1=1 AND id='1' ) LIMIT 1   [ RunTime:0.0005s ]
SQL: SELECT * FROM `t_ask` WHERE ( id=4 ) LIMIT 1   [ RunTime:0.0008s ]
SQL: SELECT * FROM `t_answer` WHERE ( 1=1 AND askid='4' )  [ RunTime:0.0006s ]
NOTIC: [8] Undefined index: mapping_order D:\SOFT\AppServ\www\knowhow\ThinkPHP\Library\Think\Model\RelationModel.class.php 第 186 行.
NOTIC: [8] Undefined index: mapping_limit D:\SOFT\AppServ\www\knowhow\ThinkPHP\Library\Think\Model\RelationModel.class.php 第 187 行.
SQL: SELECT b.id,tagname FROM t_ask_tag AS a, t_tag AS b WHERE a.tagid = b.id AND a. askid='4' [ RunTime:0.0056s ]
SQL: SELECT `id`,`name`,`reputation` FROM `t_userinfo` WHERE ( 1=1 AND id='1' ) LIMIT 1   [ RunTime:0.0007s ]
INFO: [ app_end ] --START--
INFO: Run Behavior\ShowPageTraceBehavior [ RunTime:0.001082s ]
INFO: [ app_end ] --END-- [ RunTime:0.001178s ]

[ 2016-06-10T23:30:48+08:00 ] ::1 /knowhow/Home/Ask/ask
INFO: [ app_init ] --START--
INFO: Run Behavior\BuildLiteBehavior [ RunTime:0.000023s ]
INFO: [ app_init ] --END-- [ RunTime:0.001628s ]
INFO: [ app_begin ] --START--
INFO: Run Behavior\ReadHtmlCacheBehavior [ RunTime:0.001291s ]
INFO: [ app_begin ] --END-- [ RunTime:0.001399s ]
SQL: SHOW COLUMNS FROM `t_ask` [ RunTime:0.0016s ]
SQL: SHOW COLUMNS FROM `t_ask` [ RunTime:0.0013s ]
SQL: select id,title,content,zan,cai,viewCount,uid,publishTime,acceptid from t_ask group by id order by (zan-cai) desc,publishTime desc [ RunTime:0.0009s ]
SQL: SELECT * FROM `t_ask` WHERE ( id=3 ) LIMIT 1   [ RunTime:0.0008s ]
SQL: SHOW COLUMNS FROM `t_answer` [ RunTime:0.0011s ]
SQL: SELECT * FROM `t_answer` WHERE ( 1=1 AND askid='3' )  [ RunTime:0.0006s ]
SQL: SHOW COLUMNS FROM `t_tag` [ RunTime:0.0015s ]
NOTIC: [8] Undefined index: mapping_order D:\SOFT\AppServ\www\knowhow\ThinkPHP\Library\Think\Model\RelationModel.class.php 第 186 行.
NOTIC: [8] Undefined index: mapping_limit D:\SOFT\AppServ\www\knowhow\ThinkPHP\Library\Think\Model\RelationModel.class.php 第 187 行.
SQL: SELECT b.id,tagname FROM t_ask_tag AS a, t_tag AS b WHERE a.tagid = b.id AND a. askid='3' [ RunTime:0.0012s ]
SQL: SHOW COLUMNS FROM `t_userinfo` [ RunTime:0.0019s ]
SQL: SELECT `id`,`name`,`reputation` FROM `t_userinfo` WHERE ( 1=1 AND id='3' ) LIMIT 1   [ RunTime:0.0007s ]
SQL: SELECT * FROM `t_ask` WHERE ( id=2 ) LIMIT 1   [ RunTime:0.0007s ]
SQL: SELECT * FROM `t_answer` WHERE ( 1=1 AND askid='2' )  [ RunTime:0.0006s ]
NOTIC: [8] Undefined index: mapping_order D:\SOFT\AppServ\www\knowhow\ThinkPHP\Library\Think\Model\RelationModel.class.php 第 186 行.
NOTIC: [8] Undefined index: mapping_limit D:\SOFT\AppServ\www\knowhow\ThinkPHP\Library\Think\Model\RelationModel.class.php 第 187 行.
SQL: SELECT b.id,tagname FROM t_ask_tag AS a, t_tag AS b WHERE a.tagid = b.id AND a. askid='2' [ RunTime:0.0008s ]
SQL: SELECT `id`,`name`,`reputation` FROM `t_userinfo` WHERE ( 1=1 AND id='2' ) LIMIT 1   [ RunTime:0.0006s ]
SQL: SELECT * FROM `t_ask` WHERE ( id=1 ) LIMIT 1   [ RunTime:0.0006s ]
SQL: SELECT * FROM `t_answer` WHERE ( 1=1 AND askid='1' )  [ RunTime:0.0008s ]
NOTIC: [8] Undefined index: mapping_order D:\SOFT\AppServ\www\knowhow\ThinkPHP\Library\Think\Model\RelationModel.class.php 第 186 行.
NOTIC: [8] Undefined index: mapping_limit D:\SOFT\AppServ\www\knowhow\ThinkPHP\Library\Think\Model\RelationModel.class.php 第 187 行.
SQL: SELECT b.id,tagname FROM t_ask_tag AS a, t_tag AS b WHERE a.tagid = b.id AND a. askid='1' [ RunTime:0.0008s ]
SQL: SELECT `id`,`name`,`reputation` FROM `t_userinfo` WHERE ( 1=1 AND id='1' ) LIMIT 1   [ RunTime:0.0005s ]
SQL: SELECT * FROM `t_ask` WHERE ( id=4 ) LIMIT 1   [ RunTime:0.0006s ]
SQL: SELECT * FROM `t_answer` WHERE ( 1=1 AND askid='4' )  [ RunTime:0.0006s ]
NOTIC: [8] Undefined index: mapping_order D:\SOFT\AppServ\www\knowhow\ThinkPHP\Library\Think\Model\RelationModel.class.php 第 186 行.
NOTIC: [8] Undefined index: mapping_limit D:\SOFT\AppServ\www\knowhow\ThinkPHP\Library\Think\Model\RelationModel.class.php 第 187 行.
SQL: SELECT b.id,tagname FROM t_ask_tag AS a, t_tag AS b WHERE a.tagid = b.id AND a. askid='4' [ RunTime:0.0007s ]
SQL: SELECT `id`,`name`,`reputation` FROM `t_userinfo` WHERE ( 1=1 AND id='1' ) LIMIT 1   [ RunTime:0.0006s ]
ERR: 1064:
 [ SQL语句 ] : SELECT * FROM `t_ask` WHERE ( id= ) LIMIT 1  
ERR: 1064:
 [ SQL语句 ] : SELECT * FROM `t_ask` WHERE ( id= ) LIMIT 1  

[ 2016-06-10T23:31:28+08:00 ] ::1 /knowhow/Home/Ask/ask
INFO: [ app_init ] --START--
INFO: Run Behavior\BuildLiteBehavior [ RunTime:0.000022s ]
INFO: [ app_init ] --END-- [ RunTime:0.001398s ]
INFO: [ app_begin ] --START--
INFO: Run Behavior\ReadHtmlCacheBehavior [ RunTime:0.001530s ]
INFO: [ app_begin ] --END-- [ RunTime:0.001650s ]
SQL: SHOW COLUMNS FROM `t_ask` [ RunTime:0.0015s ]
SQL: SHOW COLUMNS FROM `t_ask` [ RunTime:0.0012s ]
SQL: select id,title,content,zan,cai,viewCount,uid,publishTime,acceptid from t_ask group by id order by (zan-cai) desc,publishTime desc [ RunTime:0.0010s ]
SQL: SELECT * FROM `t_ask` WHERE ( id=3 ) LIMIT 1   [ RunTime:0.0008s ]
SQL: SHOW COLUMNS FROM `t_answer` [ RunTime:0.0014s ]
SQL: SELECT * FROM `t_answer` WHERE ( 1=1 AND askid='3' )  [ RunTime:0.0010s ]
SQL: SHOW COLUMNS FROM `t_tag` [ RunTime:0.0010s ]
NOTIC: [8] Undefined index: mapping_order D:\SOFT\AppServ\www\knowhow\ThinkPHP\Library\Think\Model\RelationModel.class.php 第 186 行.
NOTIC: [8] Undefined index: mapping_limit D:\SOFT\AppServ\www\knowhow\ThinkPHP\Library\Think\Model\RelationModel.class.php 第 187 行.
SQL: SELECT b.id,tagname FROM t_ask_tag AS a, t_tag AS b WHERE a.tagid = b.id AND a. askid='3' [ RunTime:0.0007s ]
SQL: SHOW COLUMNS FROM `t_userinfo` [ RunTime:0.0011s ]
SQL: SELECT `id`,`name`,`reputation` FROM `t_userinfo` WHERE ( 1=1 AND id='3' ) LIMIT 1   [ RunTime:0.0006s ]
SQL: SELECT * FROM `t_ask` WHERE ( id=2 ) LIMIT 1   [ RunTime:0.0007s ]
SQL: SELECT * FROM `t_answer` WHERE ( 1=1 AND askid='2' )  [ RunTime:0.0007s ]
NOTIC: [8] Undefined index: mapping_order D:\SOFT\AppServ\www\knowhow\ThinkPHP\Library\Think\Model\RelationModel.class.php 第 186 行.
NOTIC: [8] Undefined index: mapping_limit D:\SOFT\AppServ\www\knowhow\ThinkPHP\Library\Think\Model\RelationModel.class.php 第 187 行.
SQL: SELECT b.id,tagname FROM t_ask_tag AS a, t_tag AS b WHERE a.tagid = b.id AND a. askid='2' [ RunTime:0.0007s ]
SQL: SELECT `id`,`name`,`reputation` FROM `t_userinfo` WHERE ( 1=1 AND id='2' ) LIMIT 1   [ RunTime:0.0005s ]
SQL: SELECT * FROM `t_ask` WHERE ( id=1 ) LIMIT 1   [ RunTime:0.0006s ]
SQL: SELECT * FROM `t_answer` WHERE ( 1=1 AND askid='1' )  [ RunTime:0.0006s ]
NOTIC: [8] Undefined index: mapping_order D:\SOFT\AppServ\www\knowhow\ThinkPHP\Library\Think\Model\RelationModel.class.php 第 186 行.
NOTIC: [8] Undefined index: mapping_limit D:\SOFT\AppServ\www\knowhow\ThinkPHP\Library\Think\Model\RelationModel.class.php 第 187 行.
SQL: SELECT b.id,tagname FROM t_ask_tag AS a, t_tag AS b WHERE a.tagid = b.id AND a. askid='1' [ RunTime:0.0007s ]
SQL: SELECT `id`,`name`,`reputation` FROM `t_userinfo` WHERE ( 1=1 AND id='1' ) LIMIT 1   [ RunTime:0.0006s ]
SQL: SELECT * FROM `t_ask` WHERE ( id=4 ) LIMIT 1   [ RunTime:0.0009s ]
SQL: SELECT * FROM `t_answer` WHERE ( 1=1 AND askid='4' )  [ RunTime:0.0005s ]
NOTIC: [8] Undefined index: mapping_order D:\SOFT\AppServ\www\knowhow\ThinkPHP\Library\Think\Model\RelationModel.class.php 第 186 行.
NOTIC: [8] Undefined index: mapping_limit D:\SOFT\AppServ\www\knowhow\ThinkPHP\Library\Think\Model\RelationModel.class.php 第 187 行.
SQL: SELECT b.id,tagname FROM t_ask_tag AS a, t_tag AS b WHERE a.tagid = b.id AND a. askid='4' [ RunTime:0.0010s ]
SQL: SELECT `id`,`name`,`reputation` FROM `t_userinfo` WHERE ( 1=1 AND id='1' ) LIMIT 1   [ RunTime:0.0005s ]
INFO: [ app_end ] --START--
INFO: Run Behavior\ShowPageTraceBehavior [ RunTime:0.001090s ]
INFO: [ app_end ] --END-- [ RunTime:0.001173s ]

